# JRE version: OpenJDK Runtime Environment Temurin-11.0.13+8 (11.0.13+8) (build 11.0.13+8)
# Java VM: OpenJDK 64-Bit Server VM Temurin-11.0.13+8 (11.0.13+8, mixed mode, tiered, compressed oops, parallel gc, windows-amd64)
Heap:
 PSYoungGen      total 26112K, used 16917K [0x00000000eab00000, 0x00000000ed400000, 0x0000000100000000)
  eden space 19456K, 52% used [0x00000000eab00000,0x00000000eb50f540,0x00000000ebe00000)
  from space 6656K, 99% used [0x00000000ecd80000,0x00000000ed3f60c0,0x00000000ed400000)
  to   space 10240K, 0% used [0x00000000ec000000,0x00000000ec000000,0x00000000eca00000)
 ParOldGen       total 108544K, used 82547K [0x00000000c0000000, 0x00000000c6a00000, 0x00000000eab00000)
  object space 108544K, 76% used [0x00000000c0000000,0x00000000c509cf60,0x00000000c6a00000)
 Metaspace       used 60981K, capacity 63701K, committed 63872K, reserved 1105920K
  class space    used 6024K, capacity 7036K, committed 7040K, reserved 1048576K
GC Heap History (20 events):
Event: 8.168 GC heap before
{Heap before GC invocations=18 (full 2):
 PSYoungGen      total 22528K, used 13628K [0x00000000eab00000, 0x00000000ec480000, 0x0000000100000000)
  eden space 20992K, 57% used [0x00000000eab00000,0x00000000eb6d2b50,0x00000000ebf80000)
  from space 1536K, 99% used [0x00000000ebf80000,0x00000000ec0fc718,0x00000000ec100000)
  to   space 2560K, 0% used [0x00000000ec200000,0x00000000ec200000,0x00000000ec480000)
 ParOldGen       total 68608K, used 33135K [0x00000000c0000000, 0x00000000c4300000, 0x00000000eab00000)
  object space 68608K, 48% used [0x00000000c0000000,0x00000000c205be80,0x00000000c4300000)
 Metaspace       used 56268K, capacity 58832K, committed 58880K, reserved 1101824K
  class space    used 5682K, capacity 6634K, committed 6656K, reserved 1048576K
}
Event: 8.172 GC heap after
{Heap after GC invocations=18 (full 2):
 PSYoungGen      total 23552K, used 2164K [0x00000000eab00000, 0x00000000ec480000, 0x0000000100000000)
  eden space 20992K, 0% used [0x00000000eab00000,0x00000000eab00000,0x00000000ebf80000)
  from space 2560K, 84% used [0x00000000ec200000,0x00000000ec41d128,0x00000000ec480000)
  to   space 2560K, 0% used [0x00000000ebf80000,0x00000000ebf80000,0x00000000ec200000)
 ParOldGen       total 68608K, used 34611K [0x00000000c0000000, 0x00000000c4300000, 0x00000000eab00000)
  object space 68608K, 50% used [0x00000000c0000000,0x00000000c21ccef8,0x00000000c4300000)
 Metaspace       used 56268K, capacity 58832K, committed 58880K, reserved 1101824K
  class space    used 5682K, capacity 6634K, committed 6656K, reserved 1048576K
}
Event: 8.172 GC heap before
{Heap before GC invocations=19 (full 3):
 PSYoungGen      total 23552K, used 2164K [0x00000000eab00000, 0x00000000ec480000, 0x0000000100000000)
  eden space 20992K, 0% used [0x00000000eab00000,0x00000000eab00000,0x00000000ebf80000)
  from space 2560K, 84% used [0x00000000ec200000,0x00000000ec41d128,0x00000000ec480000)
  to   space 2560K, 0% used [0x00000000ebf80000,0x00000000ebf80000,0x00000000ec200000)
 ParOldGen       total 68608K, used 34611K [0x00000000c0000000, 0x00000000c4300000, 0x00000000eab00000)
  object space 68608K, 50% used [0x00000000c0000000,0x00000000c21ccef8,0x00000000c4300000)
 Metaspace       used 56268K, capacity 58832K, committed 58880K, reserved 1101824K
  class space    used 5682K, capacity 6634K, committed 6656K, reserved 1048576K
}
Event: 8.342 GC heap after
{Heap after GC invocations=19 (full 3):
 PSYoungGen      total 23552K, used 0K [0x00000000eab00000, 0x00000000ec480000, 0x0000000100000000)
  eden space 20992K, 0% used [0x00000000eab00000,0x00000000eab00000,0x00000000ebf80000)
  from space 2560K, 0% used [0x00000000ec200000,0x00000000ec200000,0x00000000ec480000)
  to   space 2560K, 0% used [0x00000000ebf80000,0x00000000ebf80000,0x00000000ec200000)
 ParOldGen       total 68608K, used 35812K [0x00000000c0000000, 0x00000000c4300000, 0x00000000eab00000)
  object space 68608K, 52% used [0x00000000c0000000,0x00000000c22f9048,0x00000000c4300000)
 Metaspace       used 56268K, capacity 58832K, committed 58880K, reserved 1101824K
  class space    used 5682K, capacity 6634K, committed 6656K, reserved 1048576K
}
Event: 9.019 GC heap before
{Heap before GC invocations=20 (full 3):
 PSYoungGen      total 23552K, used 20992K [0x00000000eab00000, 0x00000000ec480000, 0x0000000100000000)
  eden space 20992K, 100% used [0x00000000eab00000,0x00000000ebf80000,0x00000000ebf80000)
  from space 2560K, 0% used [0x00000000ec200000,0x00000000ec200000,0x00000000ec480000)
  to   space 2560K, 0% used [0x00000000ebf80000,0x00000000ebf80000,0x00000000ec200000)
 ParOldGen       total 68608K, used 35812K [0x00000000c0000000, 0x00000000c4300000, 0x00000000eab00000)
  object space 68608K, 52% used [0x00000000c0000000,0x00000000c22f9048,0x00000000c4300000)
 Metaspace       used 58769K, capacity 61359K, committed 61440K, reserved 1103872K
  class space    used 5869K, capacity 6877K, committed 6912K, reserved 1048576K
}
Event: 9.034 GC heap after
{Heap after GC invocations=20 (full 3):
 PSYoungGen      total 23040K, used 1941K [0x00000000eab00000, 0x00000000ec380000, 0x0000000100000000)
  eden space 20992K, 0% used [0x00000000eab00000,0x00000000eab00000,0x00000000ebf80000)
  from space 2048K, 94% used [0x00000000ebf80000,0x00000000ec165630,0x00000000ec180000)
  to   space 2048K, 0% used [0x00000000ec180000,0x00000000ec180000,0x00000000ec380000)
 ParOldGen       total 68608K, used 35812K [0x00000000c0000000, 0x00000000c4300000, 0x00000000eab00000)
  object space 68608K, 52% used [0x00000000c0000000,0x00000000c22f9048,0x00000000c4300000)
 Metaspace       used 58769K, capacity 61359K, committed 61440K, reserved 1103872K
  class space    used 5869K, capacity 6877K, committed 6912K, reserved 1048576K
}
Event: 9.347 GC heap before
{Heap before GC invocations=21 (full 3):
 PSYoungGen      total 23040K, used 22933K [0x00000000eab00000, 0x00000000ec380000, 0x0000000100000000)
  eden space 20992K, 100% used [0x00000000eab00000,0x00000000ebf80000,0x00000000ebf80000)
  from space 2048K, 94% used [0x00000000ebf80000,0x00000000ec165630,0x00000000ec180000)
  to   space 2048K, 0% used [0x00000000ec180000,0x00000000ec180000,0x00000000ec380000)
 ParOldGen       total 68608K, used 35812K [0x00000000c0000000, 0x00000000c4300000, 0x00000000eab00000)
  object space 68608K, 52% used [0x00000000c0000000,0x00000000c22f9048,0x00000000c4300000)
 Metaspace       used 60054K, capacity 62689K, committed 62848K, reserved 1105920K
  class space    used 5994K, capacity 7023K, committed 7040K, reserved 1048576K
}
Event: 9.350 GC heap after
{Heap after GC invocations=21 (full 3):
 PSYoungGen      total 22016K, used 928K [0x00000000eab00000, 0x00000000ec280000, 0x0000000100000000)
  eden space 20992K, 0% used [0x00000000eab00000,0x00000000eab00000,0x00000000ebf80000)
  from space 1024K, 90% used [0x00000000ec180000,0x00000000ec268000,0x00000000ec280000)
  to   space 1536K, 0% used [0x00000000ebf80000,0x00000000ebf80000,0x00000000ec100000)
 ParOldGen       total 68608K, used 36853K [0x00000000c0000000, 0x00000000c4300000, 0x00000000eab00000)
  object space 68608K, 53% used [0x00000000c0000000,0x00000000c23fd560,0x00000000c4300000)
 Metaspace       used 60054K, capacity 62689K, committed 62848K, reserved 1105920K
  class space    used 5994K, capacity 7023K, committed 7040K, reserved 1048576K
}
Event: 9.710 GC heap before
{Heap before GC invocations=22 (full 3):
 PSYoungGen      total 22016K, used 21589K [0x00000000eab00000, 0x00000000ec280000, 0x0000000100000000)
  eden space 20992K, 98% used [0x00000000eab00000,0x00000000ebf2d4f0,0x00000000ebf80000)
  from space 1024K, 90% used [0x00000000ec180000,0x00000000ec268000,0x00000000ec280000)
  to   space 1536K, 0% used [0x00000000ebf80000,0x00000000ebf80000,0x00000000ec100000)
 ParOldGen       total 68608K, used 36853K [0x00000000c0000000, 0x00000000c4300000, 0x00000000eab00000)
  object space 68608K, 53% used [0x00000000c0000000,0x00000000c23fd560,0x00000000c4300000)
 Metaspace       used 60390K, capacity 63111K, committed 63360K, reserved 1105920K
  class space    used 6008K, capacity 7033K, committed 7040K, reserved 1048576K
}
Event: 9.712 GC heap after
{Heap after GC invocations=22 (full 3):
 PSYoungGen      total 22528K, used 1481K [0x00000000eab00000, 0x00000000ec380000, 0x0000000100000000)
  eden space 20992K, 0% used [0x00000000eab00000,0x00000000eab00000,0x00000000ebf80000)
  from space 1536K, 96% used [0x00000000ebf80000,0x00000000ec0f2780,0x00000000ec100000)
  to   space 2048K, 0% used [0x00000000ec180000,0x00000000ec180000,0x00000000ec380000)
 ParOldGen       total 68608K, used 38677K [0x00000000c0000000, 0x00000000c4300000, 0x00000000eab00000)
  object space 68608K, 56% used [0x00000000c0000000,0x00000000c25c5528,0x00000000c4300000)
 Metaspace       used 60390K, capacity 63111K, committed 63360K, reserved 1105920K
  class space    used 6008K, capacity 7033K, committed 7040K, reserved 1048576K
}
Event: 9.793 GC heap before
{Heap before GC invocations=23 (full 3):
 PSYoungGen      total 22528K, used 22473K [0x00000000eab00000, 0x00000000ec380000, 0x0000000100000000)
  eden space 20992K, 100% used [0x00000000eab00000,0x00000000ebf80000,0x00000000ebf80000)
  from space 1536K, 96% used [0x00000000ebf80000,0x00000000ec0f2780,0x00000000ec100000)
  to   space 2048K, 0% used [0x00000000ec180000,0x00000000ec180000,0x00000000ec380000)
 ParOldGen       total 79872K, used 76016K [0x00000000c0000000, 0x00000000c4e00000, 0x00000000eab00000)
  object space 79872K, 95% used [0x00000000c0000000,0x00000000c4a3c078,0x00000000c4e00000)
 Metaspace       used 60423K, capacity 63175K, committed 63360K, reserved 1105920K
  class space    used 6012K, capacity 7033K, committed 7040K, reserved 1048576K
}
Event: 9.796 GC heap after
{Heap after GC invocations=23 (full 3):
 PSYoungGen      total 21504K, used 2048K [0x00000000eab00000, 0x00000000ec680000, 0x0000000100000000)
  eden space 19456K, 0% used [0x00000000eab00000,0x00000000eab00000,0x00000000ebe00000)
  from space 2048K, 100% used [0x00000000ec180000,0x00000000ec380000,0x00000000ec380000)
  to   space 3584K, 0% used [0x00000000ebe00000,0x00000000ebe00000,0x00000000ec180000)
 ParOldGen       total 79872K, used 77053K [0x00000000c0000000, 0x00000000c4e00000, 0x00000000eab00000)
  object space 79872K, 96% used [0x00000000c0000000,0x00000000c4b3f540,0x00000000c4e00000)
 Metaspace       used 60423K, capacity 63175K, committed 63360K, reserved 1105920K
  class space    used 6012K, capacity 7033K, committed 7040K, reserved 1048576K
}
Event: 9.837 GC heap before
{Heap before GC invocations=24 (full 3):
 PSYoungGen      total 21504K, used 21504K [0x00000000eab00000, 0x00000000ec680000, 0x0000000100000000)
  eden space 19456K, 100% used [0x00000000eab00000,0x00000000ebe00000,0x00000000ebe00000)
  from space 2048K, 100% used [0x00000000ec180000,0x00000000ec380000,0x00000000ec380000)
  to   space 3584K, 0% used [0x00000000ebe00000,0x00000000ebe00000,0x00000000ec180000)
 ParOldGen       total 79872K, used 77053K [0x00000000c0000000, 0x00000000c4e00000, 0x00000000eab00000)
  object space 79872K, 96% used [0x00000000c0000000,0x00000000c4b3f540,0x00000000c4e00000)
 Metaspace       used 60423K, capacity 63175K, committed 63360K, reserved 1105920K
  class space    used 6012K, capacity 7033K, committed 7040K, reserved 1048576K
}
Event: 9.849 GC heap after
{Heap after GC invocations=24 (full 3):
 PSYoungGen      total 23040K, used 3584K [0x00000000eab00000, 0x00000000ee500000, 0x0000000100000000)
  eden space 19456K, 0% used [0x00000000eab00000,0x00000000eab00000,0x00000000ebe00000)
  from space 3584K, 100% used [0x00000000ebe00000,0x00000000ec180000,0x00000000ec180000)
  to   space 19968K, 0% used [0x00000000ed180000,0x00000000ed180000,0x00000000ee500000)
 ParOldGen       total 92672K, used 90493K [0x00000000c0000000, 0x00000000c5a80000, 0x00000000eab00000)
  object space 92672K, 97% used [0x00000000c0000000,0x00000000c585f540,0x00000000c5a80000)
 Metaspace       used 60423K, capacity 63175K, committed 63360K, reserved 1105920K
  class space    used 6012K, capacity 7033K, committed 7040K, reserved 1048576K
}
Event: 9.849 GC heap before
{Heap before GC invocations=25 (full 4):
 PSYoungGen      total 23040K, used 3584K [0x00000000eab00000, 0x00000000ee500000, 0x0000000100000000)
  eden space 19456K, 0% used [0x00000000eab00000,0x00000000eab00000,0x00000000ebe00000)
  from space 3584K, 100% used [0x00000000ebe00000,0x00000000ec180000,0x00000000ec180000)
  to   space 19968K, 0% used [0x00000000ed180000,0x00000000ed180000,0x00000000ee500000)
 ParOldGen       total 92672K, used 90493K [0x00000000c0000000, 0x00000000c5a80000, 0x00000000eab00000)
  object space 92672K, 97% used [0x00000000c0000000,0x00000000c585f540,0x00000000c5a80000)
 Metaspace       used 60423K, capacity 63175K, committed 63360K, reserved 1105920K
  class space    used 6012K, capacity 7033K, committed 7040K, reserved 1048576K
}
Event: 9.904 GC heap after
{Heap after GC invocations=25 (full 4):
 PSYoungGen      total 39424K, used 0K [0x00000000eab00000, 0x00000000ee500000, 0x0000000100000000)
  eden space 19456K, 0% used [0x00000000eab00000,0x00000000eab00000,0x00000000ebe00000)
  from space 19968K, 0% used [0x00000000ed180000,0x00000000ed180000,0x00000000ee500000)
  to   space 19968K, 0% used [0x00000000ebe00000,0x00000000ebe00000,0x00000000ed180000)
 ParOldGen       total 108544K, used 67627K [0x00000000c0000000, 0x00000000c6a00000, 0x00000000eab00000)
  object space 108544K, 62% used [0x00000000c0000000,0x00000000c420af60,0x00000000c6a00000)
 Metaspace       used 60423K, capacity 63175K, committed 63360K, reserved 1105920K
  class space    used 6012K, capacity 7033K, committed 7040K, reserved 1048576K
}
Event: 9.944 GC heap before
{Heap before GC invocations=26 (full 4):
 PSYoungGen      total 39424K, used 19456K [0x00000000eab00000, 0x00000000ee500000, 0x0000000100000000)
  eden space 19456K, 100% used [0x00000000eab00000,0x00000000ebe00000,0x00000000ebe00000)
  from space 19968K, 0% used [0x00000000ed180000,0x00000000ed180000,0x00000000ee500000)
  to   space 19968K, 0% used [0x00000000ebe00000,0x00000000ebe00000,0x00000000ed180000)
 ParOldGen       total 108544K, used 67627K [0x00000000c0000000, 0x00000000c6a00000, 0x00000000eab00000)
  object space 108544K, 62% used [0x00000000c0000000,0x00000000c420af60,0x00000000c6a00000)
 Metaspace       used 60423K, capacity 63175K, committed 63360K, reserved 1105920K
  class space    used 6012K, capacity 7033K, committed 7040K, reserved 1048576K
}
Event: 9.950 GC heap after
{Heap after GC invocations=26 (full 4):
 PSYoungGen      total 34816K, used 14912K [0x00000000eab00000, 0x00000000edd00000, 0x0000000100000000)
  eden space 19456K, 0% used [0x00000000eab00000,0x00000000eab00000,0x00000000ebe00000)
  from space 15360K, 97% used [0x00000000ebe00000,0x00000000ecc90000,0x00000000ecd00000)
  to   space 15872K, 0% used [0x00000000ecd80000,0x00000000ecd80000,0x00000000edd00000)
 ParOldGen       total 108544K, used 67627K [0x00000000c0000000, 0x00000000c6a00000, 0x00000000eab00000)
  object space 108544K, 62% used [0x00000000c0000000,0x00000000c420af60,0x00000000c6a00000)
 Metaspace       used 60423K, capacity 63175K, committed 63360K, reserved 1105920K
  class space    used 6012K, capacity 7033K, committed 7040K, reserved 1048576K
}
Event: 18.150 GC heap before
{Heap before GC invocations=27 (full 4):
 PSYoungGen      total 34816K, used 34364K [0x00000000eab00000, 0x00000000edd00000, 0x0000000100000000)
  eden space 19456K, 99% used [0x00000000eab00000,0x00000000ebdff148,0x00000000ebe00000)
  from space 15360K, 97% used [0x00000000ebe00000,0x00000000ecc90000,0x00000000ecd00000)
  to   space 15872K, 0% used [0x00000000ecd80000,0x00000000ecd80000,0x00000000edd00000)
 ParOldGen       total 108544K, used 67627K [0x00000000c0000000, 0x00000000c6a00000, 0x00000000eab00000)
  object space 108544K, 62% used [0x00000000c0000000,0x00000000c420af60,0x00000000c6a00000)
 Metaspace       used 60768K, capacity 63509K, committed 63616K, reserved 1105920K
  class space    used 6024K, capacity 7036K, committed 7040K, reserved 1048576K
}
Event: 18.174 GC heap after
{Heap after GC invocations=27 (full 4):
 PSYoungGen      total 26112K, used 6616K [0x00000000eab00000, 0x00000000ed400000, 0x0000000100000000)
  eden space 19456K, 0% used [0x00000000eab00000,0x00000000eab00000,0x00000000ebe00000)
  from space 6656K, 99% used [0x00000000ecd80000,0x00000000ed3f60c0,0x00000000ed400000)
  to   space 10240K, 0% used [0x00000000ec000000,0x00000000ec000000,0x00000000eca00000)
 ParOldGen       total 108544K, used 82547K [0x00000000c0000000, 0x00000000c6a00000, 0x00000000eab00000)
  object space 108544K, 76% used [0x00000000c0000000,0x00000000c509cf60,0x00000000c6a00000)
 Metaspace       used 60768K, capacity 63509K, committed 63616K, reserved 1105920K
  class space    used 6024K, capacity 7036K, committed 7040K, reserved 1048576K
}

