# JRE version: OpenJDK Runtime Environment Temurin-11.0.13+8 (11.0.13+8) (build 11.0.13+8)
# Java VM: OpenJDK 64-Bit Server VM Temurin-11.0.13+8 (11.0.13+8, mixed mode, tiered, compressed oops, g1 gc, windows-amd64)
Heap:
 garbage-first heap   total 524288K, used 178357K [0x00000000e0000000, 0x0000000100000000)
  region size 1024K, 34 young (34816K), 7 survivors (7168K)
 Metaspace       used 204602K, capacity 208864K, committed 210560K, reserved 1234944K
  class space    used 23295K, capacity 24824K, committed 24960K, reserved 1048576K
GC Heap History (20 events):
Event: 2073.553 GC heap before
{Heap before GC invocations=267 (full 0):
 garbage-first heap   total 524288K, used 303699K [0x00000000e0000000, 0x0000000100000000)
  region size 1024K, 36 young (36864K), 4 survivors (4096K)
 Metaspace       used 203947K, capacity 207990K, committed 210560K, reserved 1234944K
  class space    used 23214K, capacity 24676K, committed 24960K, reserved 1048576K
}
Event: 2073.561 GC heap after
{Heap after GC invocations=268 (full 0):
 garbage-first heap   total 524288K, used 277638K [0x00000000e0000000, 0x0000000100000000)
  region size 1024K, 10 young (10240K), 10 survivors (10240K)
 Metaspace       used 203947K, capacity 207990K, committed 210560K, reserved 1234944K
  class space    used 23214K, capacity 24676K, committed 24960K, reserved 1048576K
}
Event: 2074.663 GC heap before
{Heap before GC invocations=269 (full 0):
 garbage-first heap   total 524288K, used 486534K [0x00000000e0000000, 0x0000000100000000)
  region size 1024K, 125 young (128000K), 10 survivors (10240K)
 Metaspace       used 204035K, capacity 208110K, committed 210560K, reserved 1234944K
  class space    used 23224K, capacity 24696K, committed 24960K, reserved 1048576K
}
Event: 2074.675 GC heap after
{Heap after GC invocations=270 (full 0):
 garbage-first heap   total 524288K, used 297218K [0x00000000e0000000, 0x0000000100000000)
  region size 1024K, 15 young (15360K), 15 survivors (15360K)
 Metaspace       used 204035K, capacity 208110K, committed 210560K, reserved 1234944K
  class space    used 23224K, capacity 24696K, committed 24960K, reserved 1048576K
}
Event: 2121.245 GC heap before
{Heap before GC invocations=270 (full 0):
 garbage-first heap   total 524288K, used 327938K [0x00000000e0000000, 0x0000000100000000)
  region size 1024K, 25 young (25600K), 15 survivors (15360K)
 Metaspace       used 204066K, capacity 208152K, committed 210560K, reserved 1234944K
  class space    used 23231K, capacity 24709K, committed 24960K, reserved 1048576K
}
Event: 2121.258 GC heap after
{Heap after GC invocations=271 (full 0):
 garbage-first heap   total 524288K, used 278002K [0x00000000e0000000, 0x0000000100000000)
  region size 1024K, 3 young (3072K), 3 survivors (3072K)
 Metaspace       used 204066K, capacity 208152K, committed 210560K, reserved 1234944K
  class space    used 23231K, capacity 24709K, committed 24960K, reserved 1048576K
}
Event: 2122.116 GC heap before
{Heap before GC invocations=271 (full 0):
 garbage-first heap   total 524288K, used 359922K [0x00000000e0000000, 0x0000000100000000)
  region size 1024K, 84 young (86016K), 3 survivors (3072K)
 Metaspace       used 204146K, capacity 208248K, committed 210560K, reserved 1234944K
  class space    used 23247K, capacity 24738K, committed 24960K, reserved 1048576K
}
Event: 2122.128 GC heap after
{Heap after GC invocations=272 (full 0):
 garbage-first heap   total 524288K, used 282581K [0x00000000e0000000, 0x0000000100000000)
  region size 1024K, 7 young (7168K), 7 survivors (7168K)
 Metaspace       used 204146K, capacity 208248K, committed 210560K, reserved 1234944K
  class space    used 23247K, capacity 24738K, committed 24960K, reserved 1048576K
}
Event: 2122.737 GC heap before
{Heap before GC invocations=273 (full 0):
 garbage-first heap   total 524288K, used 293717K [0x00000000e0000000, 0x0000000100000000)
  region size 1024K, 130 young (133120K), 7 survivors (7168K)
 Metaspace       used 204229K, capacity 208399K, committed 210560K, reserved 1234944K
  class space    used 23258K, capacity 24757K, committed 24960K, reserved 1048576K
}
Event: 2122.745 GC heap after
{Heap after GC invocations=274 (full 0):
 garbage-first heap   total 524288K, used 161985K [0x00000000e0000000, 0x0000000100000000)
  region size 1024K, 10 young (10240K), 10 survivors (10240K)
 Metaspace       used 204229K, capacity 208399K, committed 210560K, reserved 1234944K
  class space    used 23258K, capacity 24757K, committed 24960K, reserved 1048576K
}
Event: 2123.828 GC heap before
{Heap before GC invocations=274 (full 0):
 garbage-first heap   total 524288K, used 176321K [0x00000000e0000000, 0x0000000100000000)
  region size 1024K, 25 young (25600K), 10 survivors (10240K)
 Metaspace       used 204239K, capacity 208411K, committed 210560K, reserved 1234944K
  class space    used 23260K, capacity 24761K, committed 24960K, reserved 1048576K
}
Event: 2123.837 GC heap after
{Heap after GC invocations=275 (full 0):
 garbage-first heap   total 524288K, used 127593K [0x00000000e0000000, 0x0000000100000000)
  region size 1024K, 4 young (4096K), 4 survivors (4096K)
 Metaspace       used 204239K, capacity 208411K, committed 210560K, reserved 1234944K
  class space    used 23260K, capacity 24761K, committed 24960K, reserved 1048576K
}
Event: 2124.302 GC heap before
{Heap before GC invocations=275 (full 0):
 garbage-first heap   total 524288K, used 243305K [0x00000000e0000000, 0x0000000100000000)
  region size 1024K, 119 young (121856K), 4 survivors (4096K)
 Metaspace       used 204286K, capacity 208436K, committed 210560K, reserved 1234944K
  class space    used 23262K, capacity 24765K, committed 24960K, reserved 1048576K
}
Event: 2124.309 GC heap after
{Heap after GC invocations=276 (full 0):
 garbage-first heap   total 524288K, used 129793K [0x00000000e0000000, 0x0000000100000000)
  region size 1024K, 6 young (6144K), 6 survivors (6144K)
 Metaspace       used 204286K, capacity 208436K, committed 210560K, reserved 1234944K
  class space    used 23262K, capacity 24765K, committed 24960K, reserved 1048576K
}
Event: 2225.592 GC heap before
{Heap before GC invocations=277 (full 0):
 garbage-first heap   total 524288K, used 304897K [0x00000000e0000000, 0x0000000100000000)
  region size 1024K, 148 young (151552K), 6 survivors (6144K)
 Metaspace       used 204438K, capacity 208705K, committed 210560K, reserved 1234944K
  class space    used 23275K, capacity 24788K, committed 24960K, reserved 1048576K
}
Event: 2225.599 GC heap after
{Heap after GC invocations=278 (full 0):
 garbage-first heap   total 524288K, used 130590K [0x00000000e0000000, 0x0000000100000000)
  region size 1024K, 7 young (7168K), 7 survivors (7168K)
 Metaspace       used 204438K, capacity 208705K, committed 210560K, reserved 1234944K
  class space    used 23275K, capacity 24788K, committed 24960K, reserved 1048576K
}
Event: 2225.656 GC heap before
{Heap before GC invocations=278 (full 0):
 garbage-first heap   total 524288K, used 147998K [0x00000000e0000000, 0x0000000100000000)
  region size 1024K, 25 young (25600K), 7 survivors (7168K)
 Metaspace       used 204449K, capacity 208705K, committed 210560K, reserved 1234944K
  class space    used 23275K, capacity 24788K, committed 24960K, reserved 1048576K
}
Event: 2225.664 GC heap after
{Heap after GC invocations=279 (full 0):
 garbage-first heap   total 524288K, used 126071K [0x00000000e0000000, 0x0000000100000000)
  region size 1024K, 2 young (2048K), 2 survivors (2048K)
 Metaspace       used 204449K, capacity 208705K, committed 210560K, reserved 1234944K
  class space    used 23275K, capacity 24788K, committed 24960K, reserved 1048576K
}
Event: 2227.197 GC heap before
{Heap before GC invocations=279 (full 0):
 garbage-first heap   total 524288K, used 307319K [0x00000000e0000000, 0x0000000100000000)
  region size 1024K, 181 young (185344K), 2 survivors (2048K)
 Metaspace       used 204514K, capacity 208756K, committed 210560K, reserved 1234944K
  class space    used 23285K, capacity 24805K, committed 24960K, reserved 1048576K
}
Event: 2227.205 GC heap after
{Heap after GC invocations=280 (full 0):
 garbage-first heap   total 524288K, used 131253K [0x00000000e0000000, 0x0000000100000000)
  region size 1024K, 7 young (7168K), 7 survivors (7168K)
 Metaspace       used 204514K, capacity 208756K, committed 210560K, reserved 1234944K
  class space    used 23285K, capacity 24805K, committed 24960K, reserved 1048576K
}

